# JRE version: Java(TM) SE Runtime Environment (8.0_121-b13) (build 1.8.0_121-b13)
# Java VM: Java HotSpot(TM) 64-Bit Server VM (25.121-b13 mixed mode windows-amd64 compressed oops)
Heap:
 PSYoungGen      total 62976K, used 7882K [0x00000000d5d80000, 0x00000000da400000, 0x0000000100000000)
  eden space 57856K, 4% used [0x00000000d5d80000,0x00000000d603a9d0,0x00000000d9600000)
  from space 5120K, 99% used [0x00000000d9600000,0x00000000d9af8050,0x00000000d9b00000)
  to   space 5120K, 0% used [0x00000000d9b00000,0x00000000d9b00000,0x00000000da000000)
 ParOldGen       total 58368K, used 34202K [0x0000000081800000, 0x0000000085100000, 0x00000000d5d80000)
  object space 58368K, 58% used [0x0000000081800000,0x0000000083966830,0x0000000085100000)
 Metaspace       used 33397K, capacity 34582K, committed 34816K, reserved 1079296K
  class space    used 4568K, capacity 4804K, committed 4864K, reserved 1048576K
GC Heap History (10 events):
Event: 7.489 GC heap before
{Heap before GC invocations=2 (full 0):
 PSYoungGen      total 38400K, used 22512K [0x00000000d5d80000, 0x00000000d8800000, 0x0000000100000000)
  eden space 33280K, 52% used [0x00000000d5d80000,0x00000000d6e83720,0x00000000d7e00000)
  from space 5120K, 99% used [0x00000000d7e00000,0x00000000d82f8ae0,0x00000000d8300000)
  to   space 5120K, 0% used [0x00000000d8300000,0x00000000d8300000,0x00000000d8800000)
 ParOldGen       total 87552K, used 4335K [0x0000000081800000, 0x0000000086d80000, 0x00000000d5d80000)
  object space 87552K, 4% used [0x0000000081800000,0x0000000081c3bce8,0x0000000086d80000)
 Metaspace       used 20485K, capacity 21144K, committed 21248K, reserved 1067008K
  class space    used 2821K, capacity 3027K, committed 3072K, reserved 1048576K
Event: 7.497 GC heap after
Heap after GC invocations=2 (full 0):
 PSYoungGen      total 38400K, used 5088K [0x00000000d5d80000, 0x00000000da880000, 0x0000000100000000)
  eden space 33280K, 0% used [0x00000000d5d80000,0x00000000d5d80000,0x00000000d7e00000)
  from space 5120K, 99% used [0x00000000d8300000,0x00000000d87f8050,0x00000000d8800000)
  to   space 5120K, 0% used [0x00000000d7e00000,0x00000000d7e00000,0x00000000d8300000)
 ParOldGen       total 87552K, used 8036K [0x0000000081800000, 0x0000000086d80000, 0x00000000d5d80000)
  object space 87552K, 9% used [0x0000000081800000,0x0000000081fd90f0,0x0000000086d80000)
 Metaspace       used 20485K, capacity 21144K, committed 21248K, reserved 1067008K
  class space    used 2821K, capacity 3027K, committed 3072K, reserved 1048576K
}
Event: 7.497 GC heap before
{Heap before GC invocations=3 (full 1):
 PSYoungGen      total 38400K, used 5088K [0x00000000d5d80000, 0x00000000da880000, 0x0000000100000000)
  eden space 33280K, 0% used [0x00000000d5d80000,0x00000000d5d80000,0x00000000d7e00000)
  from space 5120K, 99% used [0x00000000d8300000,0x00000000d87f8050,0x00000000d8800000)
  to   space 5120K, 0% used [0x00000000d7e00000,0x00000000d7e00000,0x00000000d8300000)
 ParOldGen       total 87552K, used 8036K [0x0000000081800000, 0x0000000086d80000, 0x00000000d5d80000)
  object space 87552K, 9% used [0x0000000081800000,0x0000000081fd90f0,0x0000000086d80000)
 Metaspace       used 20485K, capacity 21144K, committed 21248K, reserved 1067008K
  class space    used 2821K, capacity 3027K, committed 3072K, reserved 1048576K
Event: 7.528 GC heap after
Heap after GC invocations=3 (full 1):
 PSYoungGen      total 38400K, used 0K [0x00000000d5d80000, 0x00000000da880000, 0x0000000100000000)
  eden space 33280K, 0% used [0x00000000d5d80000,0x00000000d5d80000,0x00000000d7e00000)
  from space 5120K, 0% used [0x00000000d8300000,0x00000000d8300000,0x00000000d8800000)
  to   space 5120K, 0% used [0x00000000d7e00000,0x00000000d7e00000,0x00000000d8300000)
 ParOldGen       total 58368K, used 10786K [0x0000000081800000, 0x0000000085100000, 0x00000000d5d80000)
  object space 58368K, 18% used [0x0000000081800000,0x0000000082288a80,0x0000000085100000)
 Metaspace       used 20485K, capacity 21144K, committed 21248K, reserved 1067008K
  class space    used 2821K, capacity 3027K, committed 3072K, reserved 1048576K
}
Event: 8.000 GC heap before
{Heap before GC invocations=4 (full 1):
 PSYoungGen      total 38400K, used 33280K [0x00000000d5d80000, 0x00000000da880000, 0x0000000100000000)
  eden space 33280K, 100% used [0x00000000d5d80000,0x00000000d7e00000,0x00000000d7e00000)
  from space 5120K, 0% used [0x00000000d8300000,0x00000000d8300000,0x00000000d8800000)
  to   space 5120K, 0% used [0x00000000d7e00000,0x00000000d7e00000,0x00000000d8300000)
 ParOldGen       total 58368K, used 10786K [0x0000000081800000, 0x0000000085100000, 0x00000000d5d80000)
  object space 58368K, 18% used [0x0000000081800000,0x0000000082288a80,0x0000000085100000)
 Metaspace       used 24114K, capacity 24772K, committed 24960K, reserved 1071104K
  class space    used 3214K, capacity 3381K, committed 3456K, reserved 1048576K
Event: 8.006 GC heap after
Heap after GC invocations=4 (full 1):
 PSYoungGen      total 38400K, used 5103K [0x00000000d5d80000, 0x00000000da000000, 0x0000000100000000)
  eden space 33280K, 0% used [0x00000000d5d80000,0x00000000d5d80000,0x00000000d7e00000)
  from space 5120K, 99% used [0x00000000d7e00000,0x00000000d82fbef0,0x00000000d8300000)
  to   space 5120K, 0% used [0x00000000d9b00000,0x00000000d9b00000,0x00000000da000000)
 ParOldGen       total 58368K, used 13941K [0x0000000081800000, 0x0000000085100000, 0x00000000d5d80000)
  object space 58368K, 23% used [0x0000000081800000,0x000000008259d428,0x0000000085100000)
 Metaspace       used 24114K, capacity 24772K, committed 24960K, reserved 1071104K
  class space    used 3214K, capacity 3381K, committed 3456K, reserved 1048576K
}
Event: 8.137 GC heap before
{Heap before GC invocations=5 (full 1):
 PSYoungGen      total 38400K, used 38383K [0x00000000d5d80000, 0x00000000da000000, 0x0000000100000000)
  eden space 33280K, 100% used [0x00000000d5d80000,0x00000000d7e00000,0x00000000d7e00000)
  from space 5120K, 99% used [0x00000000d7e00000,0x00000000d82fbef0,0x00000000d8300000)
  to   space 5120K, 0% used [0x00000000d9b00000,0x00000000d9b00000,0x00000000da000000)
 ParOldGen       total 58368K, used 13941K [0x0000000081800000, 0x0000000085100000, 0x00000000d5d80000)
  object space 58368K, 23% used [0x0000000081800000,0x000000008259d428,0x0000000085100000)
 Metaspace       used 24114K, capacity 24772K, committed 24960K, reserved 1071104K
  class space    used 3214K, capacity 3381K, committed 3456K, reserved 1048576K
Event: 8.146 GC heap after
Heap after GC invocations=5 (full 1):
 PSYoungGen      total 62976K, used 5119K [0x00000000d5d80000, 0x00000000da400000, 0x0000000100000000)
  eden space 57856K, 0% used [0x00000000d5d80000,0x00000000d5d80000,0x00000000d9600000)
  from space 5120K, 99% used [0x00000000d9b00000,0x00000000d9fffe68,0x00000000da000000)
  to   space 5120K, 0% used [0x00000000d9600000,0x00000000d9600000,0x00000000d9b00000)
 ParOldGen       total 58368K, used 22769K [0x0000000081800000, 0x0000000085100000, 0x00000000d5d80000)
  object space 58368K, 39% used [0x0000000081800000,0x0000000082e3c748,0x0000000085100000)
 Metaspace       used 24114K, capacity 24772K, committed 24960K, reserved 1071104K
  class space    used 3214K, capacity 3381K, committed 3456K, reserved 1048576K
}
Event: 14.123 GC heap before
{Heap before GC invocations=6 (full 1):
 PSYoungGen      total 62976K, used 62975K [0x00000000d5d80000, 0x00000000da400000, 0x0000000100000000)
  eden space 57856K, 100% used [0x00000000d5d80000,0x00000000d9600000,0x00000000d9600000)
  from space 5120K, 99% used [0x00000000d9b00000,0x00000000d9fffe68,0x00000000da000000)
  to   space 5120K, 0% used [0x00000000d9600000,0x00000000d9600000,0x00000000d9b00000)
 ParOldGen       total 58368K, used 22769K [0x0000000081800000, 0x0000000085100000, 0x00000000d5d80000)
  object space 58368K, 39% used [0x0000000081800000,0x0000000082e3c748,0x0000000085100000)
 Metaspace       used 33313K, capacity 34506K, committed 34816K, reserved 1079296K
  class space    used 4566K, capacity 4802K, committed 4864K, reserved 1048576K
Event: 14.139 GC heap after
Heap after GC invocations=6 (full 1):
 PSYoungGen      total 62976K, used 5088K [0x00000000d5d80000, 0x00000000da400000, 0x0000000100000000)
  eden space 57856K, 0% used [0x00000000d5d80000,0x00000000d5d80000,0x00000000d9600000)
  from space 5120K, 99% used [0x00000000d9600000,0x00000000d9af8050,0x00000000d9b00000)
  to   space 5120K, 0% used [0x00000000d9b00000,0x00000000d9b00000,0x00000000da000000)
 ParOldGen       total 58368K, used 34202K [0x0000000081800000, 0x0000000085100000, 0x00000000d5d80000)
  object space 58368K, 58% used [0x0000000081800000,0x0000000083966830,0x0000000085100000)
 Metaspace       used 33313K, capacity 34506K, committed 34816K, reserved 1079296K
  class space    used 4566K, capacity 4802K, committed 4864K, reserved 1048576K
}

